<?xml version="1.0" encoding="UTF-8"?>
<testsuite xmlns:xsi="http://www.w3.org/2001/XMLSchema-instance" xsi:noNamespaceSchemaLocation="https://maven.apache.org/surefire/maven-surefire-plugin/xsd/surefire-test-report.xsd" version="3.0.2" name="com.qa.opencart.testrunners.TestRunner" time="38.972" tests="5" errors="0" skipped="0" failures="1">
  <properties>
    <property name="java.specification.version" value="23"/>
    <property name="sun.jnu.encoding" value="UTF-8"/>
    <property name="java.class.path" value="/Users/shivan/eclipse-workspace/OpenCartSampleCucumberFrameworkJUnit/target/test-classes:/Users/shivan/eclipse-workspace/OpenCartSampleCucumberFrameworkJUnit/target/classes:/Users/shivan/.m2/repository/io/cucumber/cucumber-java/7.20.0/cucumber-java-7.20.0.jar:/Users/shivan/.m2/repository/org/apiguardian/apiguardian-api/1.1.2/apiguardian-api-1.1.2.jar:/Users/shivan/.m2/repository/io/cucumber/cucumber-junit/7.20.0/cucumber-junit-7.20.0.jar:/Users/shivan/.m2/repository/io/cucumber/cucumber-core/7.20.0/cucumber-core-7.20.0.jar:/Users/shivan/.m2/repository/io/cucumber/cucumber-gherkin/7.20.0/cucumber-gherkin-7.20.0.jar:/Users/shivan/.m2/repository/io/cucumber/cucumber-gherkin-messages/7.20.0/cucumber-gherkin-messages-7.20.0.jar:/Users/shivan/.m2/repository/io/cucumber/gherkin/28.0.0/gherkin-28.0.0.jar:/Users/shivan/.m2/repository/io/cucumber/messages/24.1.0/messages-24.1.0.jar:/Users/shivan/.m2/repository/io/cucumber/testng-xml-formatter/0.2.0/testng-xml-formatter-0.2.0.jar:/Users/shivan/.m2/repository/io/cucumber/query/12.2.0/query-12.2.0.jar:/Users/shivan/.m2/repository/io/cucumber/tag-expressions/6.1.0/tag-expressions-6.1.0.jar:/Users/shivan/.m2/repository/io/cucumber/cucumber-expressions/17.1.0/cucumber-expressions-17.1.0.jar:/Users/shivan/.m2/repository/io/cucumber/datatable/7.20.0/datatable-7.20.0.jar:/Users/shivan/.m2/repository/io/cucumber/cucumber-plugin/7.20.0/cucumber-plugin-7.20.0.jar:/Users/shivan/.m2/repository/io/cucumber/docstring/7.20.0/docstring-7.20.0.jar:/Users/shivan/.m2/repository/io/cucumber/html-formatter/21.7.0/html-formatter-21.7.0.jar:/Users/shivan/.m2/repository/io/cucumber/junit-xml-formatter/0.5.0/junit-xml-formatter-0.5.0.jar:/Users/shivan/.m2/repository/io/cucumber/ci-environment/10.0.1/ci-environment-10.0.1.jar:/Users/shivan/.m2/repository/junit/junit/4.13.1/junit-4.13.1.jar:/Users/shivan/.m2/repository/org/hamcrest/hamcrest-core/1.3/hamcrest-core-1.3.jar:/Users/shivan/.m2/repository/org/seleniumhq/selenium/selenium-java/4.19.0/selenium-java-4.19.0.jar:/Users/shivan/.m2/repository/org/seleniumhq/selenium/selenium-api/4.19.0/selenium-api-4.19.0.jar:/Users/shivan/.m2/repository/org/seleniumhq/selenium/selenium-chrome-driver/4.19.0/selenium-chrome-driver-4.19.0.jar:/Users/shivan/.m2/repository/com/google/auto/service/auto-service-annotations/1.1.1/auto-service-annotations-1.1.1.jar:/Users/shivan/.m2/repository/org/seleniumhq/selenium/selenium-chromium-driver/4.19.0/selenium-chromium-driver-4.19.0.jar:/Users/shivan/.m2/repository/org/seleniumhq/selenium/selenium-json/4.19.0/selenium-json-4.19.0.jar:/Users/shivan/.m2/repository/org/seleniumhq/selenium/selenium-manager/4.19.0/selenium-manager-4.19.0.jar:/Users/shivan/.m2/repository/org/seleniumhq/selenium/selenium-devtools-v121/4.19.0/selenium-devtools-v121-4.19.0.jar:/Users/shivan/.m2/repository/org/seleniumhq/selenium/selenium-devtools-v122/4.19.0/selenium-devtools-v122-4.19.0.jar:/Users/shivan/.m2/repository/org/seleniumhq/selenium/selenium-devtools-v123/4.19.0/selenium-devtools-v123-4.19.0.jar:/Users/shivan/.m2/repository/org/seleniumhq/selenium/selenium-devtools-v85/4.19.0/selenium-devtools-v85-4.19.0.jar:/Users/shivan/.m2/repository/org/seleniumhq/selenium/selenium-edge-driver/4.19.0/selenium-edge-driver-4.19.0.jar:/Users/shivan/.m2/repository/org/seleniumhq/selenium/selenium-firefox-driver/4.19.0/selenium-firefox-driver-4.19.0.jar:/Users/shivan/.m2/repository/org/seleniumhq/selenium/selenium-http/4.19.0/selenium-http-4.19.0.jar:/Users/shivan/.m2/repository/dev/failsafe/failsafe/3.3.2/failsafe-3.3.2.jar:/Users/shivan/.m2/repository/org/seleniumhq/selenium/selenium-ie-driver/4.19.0/selenium-ie-driver-4.19.0.jar:/Users/shivan/.m2/repository/org/seleniumhq/selenium/selenium-remote-driver/4.19.0/selenium-remote-driver-4.19.0.jar:/Users/shivan/.m2/repository/com/google/guava/guava/33.1.0-jre/guava-33.1.0-jre.jar:/Users/shivan/.m2/repository/com/google/guava/failureaccess/1.0.2/failureaccess-1.0.2.jar:/Users/shivan/.m2/repository/com/google/guava/listenablefuture/9999.0-empty-to-avoid-conflict-with-guava/listenablefuture-9999.0-empty-to-avoid-conflict-with-guava.jar:/Users/shivan/.m2/repository/com/google/code/findbugs/jsr305/3.0.2/jsr305-3.0.2.jar:/Users/shivan/.m2/repository/org/checkerframework/checker-qual/3.42.0/checker-qual-3.42.0.jar:/Users/shivan/.m2/repository/com/google/errorprone/error_prone_annotations/2.26.1/error_prone_annotations-2.26.1.jar:/Users/shivan/.m2/repository/com/google/j2objc/j2objc-annotations/3.0.0/j2objc-annotations-3.0.0.jar:/Users/shivan/.m2/repository/io/opentelemetry/semconv/opentelemetry-semconv/1.23.1-alpha/opentelemetry-semconv-1.23.1-alpha.jar:/Users/shivan/.m2/repository/io/opentelemetry/opentelemetry-api/1.36.0/opentelemetry-api-1.36.0.jar:/Users/shivan/.m2/repository/io/opentelemetry/opentelemetry-context/1.36.0/opentelemetry-context-1.36.0.jar:/Users/shivan/.m2/repository/io/opentelemetry/opentelemetry-exporter-logging/1.36.0/opentelemetry-exporter-logging-1.36.0.jar:/Users/shivan/.m2/repository/io/opentelemetry/opentelemetry-sdk-common/1.36.0/opentelemetry-sdk-common-1.36.0.jar:/Users/shivan/.m2/repository/io/opentelemetry/opentelemetry-sdk-extension-autoconfigure-spi/1.36.0/opentelemetry-sdk-extension-autoconfigure-spi-1.36.0.jar:/Users/shivan/.m2/repository/io/opentelemetry/opentelemetry-sdk-extension-autoconfigure/1.36.0/opentelemetry-sdk-extension-autoconfigure-1.36.0.jar:/Users/shivan/.m2/repository/io/opentelemetry/opentelemetry-api-events/1.36.0-alpha/opentelemetry-api-events-1.36.0-alpha.jar:/Users/shivan/.m2/repository/io/opentelemetry/opentelemetry-sdk-trace/1.36.0/opentelemetry-sdk-trace-1.36.0.jar:/Users/shivan/.m2/repository/io/opentelemetry/opentelemetry-extension-incubator/1.36.0-alpha/opentelemetry-extension-incubator-1.36.0-alpha.jar:/Users/shivan/.m2/repository/io/opentelemetry/opentelemetry-sdk/1.36.0/opentelemetry-sdk-1.36.0.jar:/Users/shivan/.m2/repository/io/opentelemetry/opentelemetry-sdk-metrics/1.36.0/opentelemetry-sdk-metrics-1.36.0.jar:/Users/shivan/.m2/repository/io/opentelemetry/opentelemetry-sdk-logs/1.36.0/opentelemetry-sdk-logs-1.36.0.jar:/Users/shivan/.m2/repository/net/bytebuddy/byte-buddy/1.14.12/byte-buddy-1.14.12.jar:/Users/shivan/.m2/repository/org/seleniumhq/selenium/selenium-os/4.19.0/selenium-os-4.19.0.jar:/Users/shivan/.m2/repository/org/apache/commons/commons-exec/1.3/commons-exec-1.3.jar:/Users/shivan/.m2/repository/org/seleniumhq/selenium/selenium-safari-driver/4.19.0/selenium-safari-driver-4.19.0.jar:/Users/shivan/.m2/repository/org/seleniumhq/selenium/selenium-support/4.19.0/selenium-support-4.19.0.jar:/Users/shivan/.m2/repository/tech/grasshopper/extentreports-cucumber7-adapter/1.14.0/extentreports-cucumber7-adapter-1.14.0.jar:/Users/shivan/.m2/repository/com/aventstack/extentreports/5.1.0/extentreports-5.1.0.jar:/Users/shivan/.m2/repository/io/reactivex/rxjava3/rxjava/3.1.6/rxjava-3.1.6.jar:/Users/shivan/.m2/repository/org/reactivestreams/reactive-streams/1.0.4/reactive-streams-1.0.4.jar:/Users/shivan/.m2/repository/org/freemarker/freemarker/2.3.32/freemarker-2.3.32.jar:/Users/shivan/.m2/repository/org/projectlombok/lombok/1.18.26/lombok-1.18.26.jar:/Users/shivan/.m2/repository/com/google/code/gson/gson/2.10.1/gson-2.10.1.jar:/Users/shivan/.m2/repository/tech/grasshopper/extent-pdf-report/2.12.0/extent-pdf-report-2.12.0.jar:/Users/shivan/.m2/repository/tech/grasshopper/cucumber-pdf-report/2.14.0/cucumber-pdf-report-2.14.0.jar:/Users/shivan/.m2/repository/org/apache/pdfbox/pdfbox/2.0.26/pdfbox-2.0.26.jar:/Users/shivan/.m2/repository/org/apache/pdfbox/fontbox/2.0.26/fontbox-2.0.26.jar:/Users/shivan/.m2/repository/org/knowm/xchart/xchart/3.8.0/xchart-3.8.0.jar:/Users/shivan/.m2/repository/de/erichseifert/vectorgraphics2d/VectorGraphics2D/0.13/VectorGraphics2D-0.13.jar:/Users/shivan/.m2/repository/de/rototor/pdfbox/graphics2d/0.30/graphics2d-0.30.jar:/Users/shivan/.m2/repository/com/madgag/animated-gif-lib/1.4/animated-gif-lib-1.4.jar:/Users/shivan/.m2/repository/org/yaml/snakeyaml/2.0/snakeyaml-2.0.jar:/Users/shivan/.m2/repository/tech/grasshopper/table-layout/1.5.1/table-layout-1.5.1.jar:/Users/shivan/.m2/repository/tech/grasshopper/rest-assured-cucumber-pdf-report/1.5.0/rest-assured-cucumber-pdf-report-1.5.0.jar:/Users/shivan/.m2/repository/org/jsoup/jsoup/1.15.3/jsoup-1.15.3.jar:/Users/shivan/.m2/repository/com/aventstack/klov-reporter/5.1.0/klov-reporter-5.1.0.jar:/Users/shivan/.m2/repository/org/mongodb/mongodb-driver/3.6.4/mongodb-driver-3.6.4.jar:/Users/shivan/.m2/repository/org/mongodb/mongodb-driver-core/3.6.4/mongodb-driver-core-3.6.4.jar:/Users/shivan/.m2/repository/org/mongodb/bson/3.6.4/bson-3.6.4.jar:/Users/shivan/.m2/repository/org/apache/httpcomponents/httpclient/4.5.13/httpclient-4.5.13.jar:/Users/shivan/.m2/repository/org/apache/httpcomponents/httpcore/4.4.13/httpcore-4.4.13.jar:/Users/shivan/.m2/repository/commons-logging/commons-logging/1.2/commons-logging-1.2.jar:/Users/shivan/.m2/repository/commons-codec/commons-codec/1.11/commons-codec-1.11.jar:/Users/shivan/.m2/repository/org/apache/httpcomponents/httpmime/4.5.13/httpmime-4.5.13.jar:/Users/shivan/.m2/repository/tech/grasshopper/htmlextentreporter/1.1.0/htmlextentreporter-1.1.0.jar:/Users/shivan/.m2/repository/tech/grasshopper/extent-excel-report/1.4.0/extent-excel-report-1.4.0.jar:/Users/shivan/.m2/repository/org/apache/poi/poi/5.2.3/poi-5.2.3.jar:/Users/shivan/.m2/repository/org/apache/commons/commons-collections4/4.4/commons-collections4-4.4.jar:/Users/shivan/.m2/repository/org/apache/commons/commons-math3/3.6.1/commons-math3-3.6.1.jar:/Users/shivan/.m2/repository/commons-io/commons-io/2.11.0/commons-io-2.11.0.jar:/Users/shivan/.m2/repository/com/zaxxer/SparseBitSet/1.2/SparseBitSet-1.2.jar:/Users/shivan/.m2/repository/org/apache/logging/log4j/log4j-api/2.18.0/log4j-api-2.18.0.jar:/Users/shivan/.m2/repository/org/apache/poi/poi-ooxml/5.2.3/poi-ooxml-5.2.3.jar:/Users/shivan/.m2/repository/org/apache/poi/poi-ooxml-lite/5.2.3/poi-ooxml-lite-5.2.3.jar:/Users/shivan/.m2/repository/org/apache/xmlbeans/xmlbeans/5.1.1/xmlbeans-5.1.1.jar:/Users/shivan/.m2/repository/org/apache/commons/commons-compress/1.21/commons-compress-1.21.jar:/Users/shivan/.m2/repository/com/github/virtuald/curvesapi/1.07/curvesapi-1.07.jar:"/>
    <property name="java.vm.vendor" value="Homebrew"/>
    <property name="sun.arch.data.model" value="64"/>
    <property name="java.vendor.url" value="https://github.com/Homebrew/homebrew-core/issues"/>
    <property name="os.name" value="Mac OS X"/>
    <property name="java.vm.specification.version" value="23"/>
    <property name="sun.java.launcher" value="SUN_STANDARD"/>
    <property name="user.country" value="IN"/>
    <property name="sun.boot.library.path" value="/opt/homebrew/Cellar/openjdk/23.0.2/libexec/openjdk.jdk/Contents/Home/lib"/>
    <property name="sun.java.command" value="/Users/shivan/eclipse-workspace/OpenCartSampleCucumberFrameworkJUnit/target/surefire/surefirebooter-20250318201422089_3.jar /Users/shivan/eclipse-workspace/OpenCartSampleCucumberFrameworkJUnit/target/surefire 2025-03-18T20-14-22_051-jvmRun1 surefire-20250318201422089_1tmp surefire_0-20250318201422089_2tmp"/>
    <property name="http.nonProxyHosts" value="local|*.local|169.254/16|*.169.254/16"/>
    <property name="jdk.debug" value="release"/>
    <property name="surefire.test.class.path" value="/Users/shivan/eclipse-workspace/OpenCartSampleCucumberFrameworkJUnit/target/test-classes:/Users/shivan/eclipse-workspace/OpenCartSampleCucumberFrameworkJUnit/target/classes:/Users/shivan/.m2/repository/io/cucumber/cucumber-java/7.20.0/cucumber-java-7.20.0.jar:/Users/shivan/.m2/repository/org/apiguardian/apiguardian-api/1.1.2/apiguardian-api-1.1.2.jar:/Users/shivan/.m2/repository/io/cucumber/cucumber-junit/7.20.0/cucumber-junit-7.20.0.jar:/Users/shivan/.m2/repository/io/cucumber/cucumber-core/7.20.0/cucumber-core-7.20.0.jar:/Users/shivan/.m2/repository/io/cucumber/cucumber-gherkin/7.20.0/cucumber-gherkin-7.20.0.jar:/Users/shivan/.m2/repository/io/cucumber/cucumber-gherkin-messages/7.20.0/cucumber-gherkin-messages-7.20.0.jar:/Users/shivan/.m2/repository/io/cucumber/gherkin/28.0.0/gherkin-28.0.0.jar:/Users/shivan/.m2/repository/io/cucumber/messages/24.1.0/messages-24.1.0.jar:/Users/shivan/.m2/repository/io/cucumber/testng-xml-formatter/0.2.0/testng-xml-formatter-0.2.0.jar:/Users/shivan/.m2/repository/io/cucumber/query/12.2.0/query-12.2.0.jar:/Users/shivan/.m2/repository/io/cucumber/tag-expressions/6.1.0/tag-expressions-6.1.0.jar:/Users/shivan/.m2/repository/io/cucumber/cucumber-expressions/17.1.0/cucumber-expressions-17.1.0.jar:/Users/shivan/.m2/repository/io/cucumber/datatable/7.20.0/datatable-7.20.0.jar:/Users/shivan/.m2/repository/io/cucumber/cucumber-plugin/7.20.0/cucumber-plugin-7.20.0.jar:/Users/shivan/.m2/repository/io/cucumber/docstring/7.20.0/docstring-7.20.0.jar:/Users/shivan/.m2/repository/io/cucumber/html-formatter/21.7.0/html-formatter-21.7.0.jar:/Users/shivan/.m2/repository/io/cucumber/junit-xml-formatter/0.5.0/junit-xml-formatter-0.5.0.jar:/Users/shivan/.m2/repository/io/cucumber/ci-environment/10.0.1/ci-environment-10.0.1.jar:/Users/shivan/.m2/repository/junit/junit/4.13.1/junit-4.13.1.jar:/Users/shivan/.m2/repository/org/hamcrest/hamcrest-core/1.3/hamcrest-core-1.3.jar:/Users/shivan/.m2/repository/org/seleniumhq/selenium/selenium-java/4.19.0/selenium-java-4.19.0.jar:/Users/shivan/.m2/repository/org/seleniumhq/selenium/selenium-api/4.19.0/selenium-api-4.19.0.jar:/Users/shivan/.m2/repository/org/seleniumhq/selenium/selenium-chrome-driver/4.19.0/selenium-chrome-driver-4.19.0.jar:/Users/shivan/.m2/repository/com/google/auto/service/auto-service-annotations/1.1.1/auto-service-annotations-1.1.1.jar:/Users/shivan/.m2/repository/org/seleniumhq/selenium/selenium-chromium-driver/4.19.0/selenium-chromium-driver-4.19.0.jar:/Users/shivan/.m2/repository/org/seleniumhq/selenium/selenium-json/4.19.0/selenium-json-4.19.0.jar:/Users/shivan/.m2/repository/org/seleniumhq/selenium/selenium-manager/4.19.0/selenium-manager-4.19.0.jar:/Users/shivan/.m2/repository/org/seleniumhq/selenium/selenium-devtools-v121/4.19.0/selenium-devtools-v121-4.19.0.jar:/Users/shivan/.m2/repository/org/seleniumhq/selenium/selenium-devtools-v122/4.19.0/selenium-devtools-v122-4.19.0.jar:/Users/shivan/.m2/repository/org/seleniumhq/selenium/selenium-devtools-v123/4.19.0/selenium-devtools-v123-4.19.0.jar:/Users/shivan/.m2/repository/org/seleniumhq/selenium/selenium-devtools-v85/4.19.0/selenium-devtools-v85-4.19.0.jar:/Users/shivan/.m2/repository/org/seleniumhq/selenium/selenium-edge-driver/4.19.0/selenium-edge-driver-4.19.0.jar:/Users/shivan/.m2/repository/org/seleniumhq/selenium/selenium-firefox-driver/4.19.0/selenium-firefox-driver-4.19.0.jar:/Users/shivan/.m2/repository/org/seleniumhq/selenium/selenium-http/4.19.0/selenium-http-4.19.0.jar:/Users/shivan/.m2/repository/dev/failsafe/failsafe/3.3.2/failsafe-3.3.2.jar:/Users/shivan/.m2/repository/org/seleniumhq/selenium/selenium-ie-driver/4.19.0/selenium-ie-driver-4.19.0.jar:/Users/shivan/.m2/repository/org/seleniumhq/selenium/selenium-remote-driver/4.19.0/selenium-remote-driver-4.19.0.jar:/Users/shivan/.m2/repository/com/google/guava/guava/33.1.0-jre/guava-33.1.0-jre.jar:/Users/shivan/.m2/repository/com/google/guava/failureaccess/1.0.2/failureaccess-1.0.2.jar:/Users/shivan/.m2/repository/com/google/guava/listenablefuture/9999.0-empty-to-avoid-conflict-with-guava/listenablefuture-9999.0-empty-to-avoid-conflict-with-guava.jar:/Users/shivan/.m2/repository/com/google/code/findbugs/jsr305/3.0.2/jsr305-3.0.2.jar:/Users/shivan/.m2/repository/org/checkerframework/checker-qual/3.42.0/checker-qual-3.42.0.jar:/Users/shivan/.m2/repository/com/google/errorprone/error_prone_annotations/2.26.1/error_prone_annotations-2.26.1.jar:/Users/shivan/.m2/repository/com/google/j2objc/j2objc-annotations/3.0.0/j2objc-annotations-3.0.0.jar:/Users/shivan/.m2/repository/io/opentelemetry/semconv/opentelemetry-semconv/1.23.1-alpha/opentelemetry-semconv-1.23.1-alpha.jar:/Users/shivan/.m2/repository/io/opentelemetry/opentelemetry-api/1.36.0/opentelemetry-api-1.36.0.jar:/Users/shivan/.m2/repository/io/opentelemetry/opentelemetry-context/1.36.0/opentelemetry-context-1.36.0.jar:/Users/shivan/.m2/repository/io/opentelemetry/opentelemetry-exporter-logging/1.36.0/opentelemetry-exporter-logging-1.36.0.jar:/Users/shivan/.m2/repository/io/opentelemetry/opentelemetry-sdk-common/1.36.0/opentelemetry-sdk-common-1.36.0.jar:/Users/shivan/.m2/repository/io/opentelemetry/opentelemetry-sdk-extension-autoconfigure-spi/1.36.0/opentelemetry-sdk-extension-autoconfigure-spi-1.36.0.jar:/Users/shivan/.m2/repository/io/opentelemetry/opentelemetry-sdk-extension-autoconfigure/1.36.0/opentelemetry-sdk-extension-autoconfigure-1.36.0.jar:/Users/shivan/.m2/repository/io/opentelemetry/opentelemetry-api-events/1.36.0-alpha/opentelemetry-api-events-1.36.0-alpha.jar:/Users/shivan/.m2/repository/io/opentelemetry/opentelemetry-sdk-trace/1.36.0/opentelemetry-sdk-trace-1.36.0.jar:/Users/shivan/.m2/repository/io/opentelemetry/opentelemetry-extension-incubator/1.36.0-alpha/opentelemetry-extension-incubator-1.36.0-alpha.jar:/Users/shivan/.m2/repository/io/opentelemetry/opentelemetry-sdk/1.36.0/opentelemetry-sdk-1.36.0.jar:/Users/shivan/.m2/repository/io/opentelemetry/opentelemetry-sdk-metrics/1.36.0/opentelemetry-sdk-metrics-1.36.0.jar:/Users/shivan/.m2/repository/io/opentelemetry/opentelemetry-sdk-logs/1.36.0/opentelemetry-sdk-logs-1.36.0.jar:/Users/shivan/.m2/repository/net/bytebuddy/byte-buddy/1.14.12/byte-buddy-1.14.12.jar:/Users/shivan/.m2/repository/org/seleniumhq/selenium/selenium-os/4.19.0/selenium-os-4.19.0.jar:/Users/shivan/.m2/repository/org/apache/commons/commons-exec/1.3/commons-exec-1.3.jar:/Users/shivan/.m2/repository/org/seleniumhq/selenium/selenium-safari-driver/4.19.0/selenium-safari-driver-4.19.0.jar:/Users/shivan/.m2/repository/org/seleniumhq/selenium/selenium-support/4.19.0/selenium-support-4.19.0.jar:/Users/shivan/.m2/repository/tech/grasshopper/extentreports-cucumber7-adapter/1.14.0/extentreports-cucumber7-adapter-1.14.0.jar:/Users/shivan/.m2/repository/com/aventstack/extentreports/5.1.0/extentreports-5.1.0.jar:/Users/shivan/.m2/repository/io/reactivex/rxjava3/rxjava/3.1.6/rxjava-3.1.6.jar:/Users/shivan/.m2/repository/org/reactivestreams/reactive-streams/1.0.4/reactive-streams-1.0.4.jar:/Users/shivan/.m2/repository/org/freemarker/freemarker/2.3.32/freemarker-2.3.32.jar:/Users/shivan/.m2/repository/org/projectlombok/lombok/1.18.26/lombok-1.18.26.jar:/Users/shivan/.m2/repository/com/google/code/gson/gson/2.10.1/gson-2.10.1.jar:/Users/shivan/.m2/repository/tech/grasshopper/extent-pdf-report/2.12.0/extent-pdf-report-2.12.0.jar:/Users/shivan/.m2/repository/tech/grasshopper/cucumber-pdf-report/2.14.0/cucumber-pdf-report-2.14.0.jar:/Users/shivan/.m2/repository/org/apache/pdfbox/pdfbox/2.0.26/pdfbox-2.0.26.jar:/Users/shivan/.m2/repository/org/apache/pdfbox/fontbox/2.0.26/fontbox-2.0.26.jar:/Users/shivan/.m2/repository/org/knowm/xchart/xchart/3.8.0/xchart-3.8.0.jar:/Users/shivan/.m2/repository/de/erichseifert/vectorgraphics2d/VectorGraphics2D/0.13/VectorGraphics2D-0.13.jar:/Users/shivan/.m2/repository/de/rototor/pdfbox/graphics2d/0.30/graphics2d-0.30.jar:/Users/shivan/.m2/repository/com/madgag/animated-gif-lib/1.4/animated-gif-lib-1.4.jar:/Users/shivan/.m2/repository/org/yaml/snakeyaml/2.0/snakeyaml-2.0.jar:/Users/shivan/.m2/repository/tech/grasshopper/table-layout/1.5.1/table-layout-1.5.1.jar:/Users/shivan/.m2/repository/tech/grasshopper/rest-assured-cucumber-pdf-report/1.5.0/rest-assured-cucumber-pdf-report-1.5.0.jar:/Users/shivan/.m2/repository/org/jsoup/jsoup/1.15.3/jsoup-1.15.3.jar:/Users/shivan/.m2/repository/com/aventstack/klov-reporter/5.1.0/klov-reporter-5.1.0.jar:/Users/shivan/.m2/repository/org/mongodb/mongodb-driver/3.6.4/mongodb-driver-3.6.4.jar:/Users/shivan/.m2/repository/org/mongodb/mongodb-driver-core/3.6.4/mongodb-driver-core-3.6.4.jar:/Users/shivan/.m2/repository/org/mongodb/bson/3.6.4/bson-3.6.4.jar:/Users/shivan/.m2/repository/org/apache/httpcomponents/httpclient/4.5.13/httpclient-4.5.13.jar:/Users/shivan/.m2/repository/org/apache/httpcomponents/httpcore/4.4.13/httpcore-4.4.13.jar:/Users/shivan/.m2/repository/commons-logging/commons-logging/1.2/commons-logging-1.2.jar:/Users/shivan/.m2/repository/commons-codec/commons-codec/1.11/commons-codec-1.11.jar:/Users/shivan/.m2/repository/org/apache/httpcomponents/httpmime/4.5.13/httpmime-4.5.13.jar:/Users/shivan/.m2/repository/tech/grasshopper/htmlextentreporter/1.1.0/htmlextentreporter-1.1.0.jar:/Users/shivan/.m2/repository/tech/grasshopper/extent-excel-report/1.4.0/extent-excel-report-1.4.0.jar:/Users/shivan/.m2/repository/org/apache/poi/poi/5.2.3/poi-5.2.3.jar:/Users/shivan/.m2/repository/org/apache/commons/commons-collections4/4.4/commons-collections4-4.4.jar:/Users/shivan/.m2/repository/org/apache/commons/commons-math3/3.6.1/commons-math3-3.6.1.jar:/Users/shivan/.m2/repository/commons-io/commons-io/2.11.0/commons-io-2.11.0.jar:/Users/shivan/.m2/repository/com/zaxxer/SparseBitSet/1.2/SparseBitSet-1.2.jar:/Users/shivan/.m2/repository/org/apache/logging/log4j/log4j-api/2.18.0/log4j-api-2.18.0.jar:/Users/shivan/.m2/repository/org/apache/poi/poi-ooxml/5.2.3/poi-ooxml-5.2.3.jar:/Users/shivan/.m2/repository/org/apache/poi/poi-ooxml-lite/5.2.3/poi-ooxml-lite-5.2.3.jar:/Users/shivan/.m2/repository/org/apache/xmlbeans/xmlbeans/5.1.1/xmlbeans-5.1.1.jar:/Users/shivan/.m2/repository/org/apache/commons/commons-compress/1.21/commons-compress-1.21.jar:/Users/shivan/.m2/repository/com/github/virtuald/curvesapi/1.07/curvesapi-1.07.jar:"/>
    <property name="sun.cpu.endian" value="little"/>
    <property name="user.home" value="/Users/shivan"/>
    <property name="user.language" value="en"/>
    <property name="java.specification.vendor" value="Oracle Corporation"/>
    <property name="java.version.date" value="2025-01-21"/>
    <property name="java.home" value="/opt/homebrew/Cellar/openjdk/23.0.2/libexec/openjdk.jdk/Contents/Home"/>
    <property name="file.separator" value="/"/>
    <property name="basedir" value="/Users/shivan/eclipse-workspace/OpenCartSampleCucumberFrameworkJUnit"/>
    <property name="java.vm.compressedOopsMode" value="Zero based"/>
    <property name="line.separator" value="&#10;"/>
    <property name="java.vm.specification.vendor" value="Oracle Corporation"/>
    <property name="java.specification.name" value="Java Platform API Specification"/>
    <property name="apple.awt.application.name" value="ForkedBooter"/>
    <property name="surefire.real.class.path" value="/Users/shivan/eclipse-workspace/OpenCartSampleCucumberFrameworkJUnit/target/surefire/surefirebooter-20250318201422089_3.jar"/>
    <property name="sun.management.compiler" value="HotSpot 64-Bit Tiered Compilers"/>
    <property name="ftp.nonProxyHosts" value="local|*.local|169.254/16|*.169.254/16"/>
    <property name="java.runtime.version" value="23.0.2"/>
    <property name="user.name" value="shivan"/>
    <property name="stdout.encoding" value="UTF-8"/>
    <property name="path.separator" value=":"/>
    <property name="os.version" value="15.3.1"/>
    <property name="java.runtime.name" value="OpenJDK Runtime Environment"/>
    <property name="file.encoding" value="UTF-8"/>
    <property name="java.vm.name" value="OpenJDK 64-Bit Server VM"/>
    <property name="java.vendor.version" value="Homebrew"/>
    <property name="localRepository" value="/Users/shivan/.m2/repository"/>
    <property name="java.vendor.url.bug" value="https://github.com/Homebrew/homebrew-core/issues"/>
    <property name="java.io.tmpdir" value="/var/folders/px/wk3g4lmd7mv38m_9drwgm9kr0000gn/T/"/>
    <property name="java.version" value="23.0.2"/>
    <property name="user.dir" value="/Users/shivan/eclipse-workspace/OpenCartSampleCucumberFrameworkJUnit"/>
    <property name="os.arch" value="aarch64"/>
    <property name="java.vm.specification.name" value="Java Virtual Machine Specification"/>
    <property name="native.encoding" value="UTF-8"/>
    <property name="java.library.path" value="/Users/shivan/Library/Java/Extensions:/Library/Java/Extensions:/Network/Library/Java/Extensions:/System/Library/Java/Extensions:/usr/lib/java:."/>
    <property name="java.vm.info" value="mixed mode, sharing"/>
    <property name="stderr.encoding" value="UTF-8"/>
    <property name="java.vendor" value="Homebrew"/>
    <property name="java.vm.version" value="23.0.2"/>
    <property name="sun.io.unicode.encoding" value="UnicodeBig"/>
    <property name="socksNonProxyHosts" value="local|*.local|169.254/16|*.169.254/16"/>
    <property name="java.class.version" value="67.0"/>
  </properties>
  <testcase name="Account Page Title" classname="Accounts Page Feature" time="18.804">
    <system-out><![CDATA[
Scenario: Account Page Title                           &amp#27;[90m# src/test/resources/features/AccountsPage.feature:8&amp#27;[0m
Browser Name Passed: chrome
Chrome Browser Launched....
login with: shivansharma07@gmail.com and Selenium@12345
  &amp#27;[32mGiven &amp#27;[0m&amp#27;[32mUser has already logged into the OpenCart site&amp#27;[0m &amp#27;[90m# com.qa.opencart.stepdefinitions.AccountsPageSteps.user_has_already_logged_into_the_open_cart_site(io.cucumber.datatable.DataTable)&amp#27;[0m
    | Username                 | Password       |
    | shivansharma07@gmail.com | Selenium@12345 |
  &amp#27;[32mGiven &amp#27;[0m&amp#27;[32muser is on accounts page&amp#27;[0m                       &amp#27;[90m# com.qa.opencart.stepdefinitions.AccountsPageSteps.user_is_on_accounts_page()&amp#27;[0m
Page title is: My Account
  &amp#27;[32mWhen &amp#27;[0m&amp#27;[32muser gets the title of the page&amp#27;[0m                 &amp#27;[90m# com.qa.opencart.stepdefinitions.LoginPageSteps.user_gets_the_title_of_the_page()&amp#27;[0m
  &amp#27;[32mThen &amp#27;[0m&amp#27;[32mpage title should be &amp#27;[0m&amp#27;[32m&amp#27;[1m"My Account"&amp#27;[0m               &amp#27;[90m# com.qa.opencart.stepdefinitions.LoginPageSteps.page_title_should_be(java.lang.String)&amp#27;[0m
]]></system-out>
    <system-err><![CDATA[Mar 18, 2025 8:14:24 PM org.openqa.selenium.devtools.CdpVersionFinder findNearestMatch
WARNING: Unable to find CDP implementation matching 134
Mar 18, 2025 8:14:24 PM org.openqa.selenium.chromium.ChromiumDriver lambda$new$5
WARNING: Unable to find version of CDP to use for 134.0.6998.89. You may need to include a dependency on a specific version of the CDP using something similar to `org.seleniumhq.selenium:selenium-devtools-v86:4.19.0` where the version ("v86") matches the version of the chromium-based browser you're using and the version number of the artifact is the same as Selenium's.
]]></system-err>
  </testcase>
  <testcase name="Account Page Headers" classname="Accounts Page Feature" time="7.446">
    <system-out><![CDATA[
Scenario: Account Page Headers                         &amp#27;[90m# src/test/resources/features/AccountsPage.feature:13&amp#27;[0m
Browser Name Passed: chrome
Chrome Browser Launched....
login with: shivansharma07@gmail.com and Selenium@12345
  &amp#27;[32mGiven &amp#27;[0m&amp#27;[32mUser has already logged into the OpenCart site&amp#27;[0m &amp#27;[90m# com.qa.opencart.stepdefinitions.AccountsPageSteps.user_has_already_logged_into_the_open_cart_site(io.cucumber.datatable.DataTable)&amp#27;[0m
    | Username                 | Password       |
    | shivansharma07@gmail.com | Selenium@12345 |
  &amp#27;[32mGiven &amp#27;[0m&amp#27;[32muser is on accounts page&amp#27;[0m                       &amp#27;[90m# com.qa.opencart.stepdefinitions.AccountsPageSteps.user_is_on_accounts_page()&amp#27;[0m
Actual accounts section list: [My Account, My Orders, My Affiliate Account, Newsletter]
  &amp#27;[32mWhen &amp#27;[0m&amp#27;[32muser get the accounts page header&amp#27;[0m               &amp#27;[90m# com.qa.opencart.stepdefinitions.AccountsPageSteps.user_get_the_accounts_page_header()&amp#27;[0m
Expected accounts section list: [My Account, My Orders, My Affiliate Account, Newsletter]
Actual accounts section list: [My Account, My Orders, My Affiliate Account, Newsletter]
  &amp#27;[32mThen &amp#27;[0m&amp#27;[32maccounts page headers are displayed&amp#27;[0m             &amp#27;[90m# com.qa.opencart.stepdefinitions.AccountsPageSteps.accounts_page_headers_are_displayed(io.cucumber.datatable.DataTable)&amp#27;[0m
    | My Account           |
    | My Orders            |
    | My Affiliate Account |
    | Newsletter           |
  &amp#27;[32mAnd &amp#27;[0m&amp#27;[32maccount page headers are &amp#27;[0m&amp#27;[32m&amp#27;[1m4&amp#27;[0m                       &amp#27;[90m# com.qa.opencart.stepdefinitions.AccountsPageSteps.account_page_headers_are(java.lang.Integer)&amp#27;[0m
]]></system-out>
    <system-err><![CDATA[Mar 18, 2025 8:14:42 PM org.openqa.selenium.devtools.CdpVersionFinder findNearestMatch
WARNING: Unable to find CDP implementation matching 134
Mar 18, 2025 8:14:42 PM org.openqa.selenium.chromium.ChromiumDriver lambda$new$5
WARNING: Unable to find version of CDP to use for 134.0.6998.89. You may need to include a dependency on a specific version of the CDP using something similar to `org.seleniumhq.selenium:selenium-devtools-v86:4.19.0` where the version ("v86") matches the version of the chromium-based browser you're using and the version number of the artifact is the same as Selenium's.
]]></system-err>
  </testcase>
  <testcase name="Login page title" classname="Login page feature" time="2.469">
    <system-out><![CDATA[
Scenario: Login page title                  &amp#27;[90m# src/test/resources/features/Login.feature:22&amp#27;[0m
Browser Name Passed: chrome
Chrome Browser Launched....
  &amp#27;[32mGiven &amp#27;[0m&amp#27;[32muser is on login page&amp#27;[0m               &amp#27;[90m# com.qa.opencart.stepdefinitions.LoginPageSteps.user_is_on_login_page()&amp#27;[0m
Page title is: Account Login
  &amp#27;[32mWhen &amp#27;[0m&amp#27;[32muser gets the title of the page&amp#27;[0m      &amp#27;[90m# com.qa.opencart.stepdefinitions.LoginPageSteps.user_gets_the_title_of_the_page()&amp#27;[0m
  &amp#27;[32mThen &amp#27;[0m&amp#27;[32mpage title should be &amp#27;[0m&amp#27;[32m&amp#27;[1m"Account Login"&amp#27;[0m &amp#27;[90m# com.qa.opencart.stepdefinitions.LoginPageSteps.page_title_should_be(java.lang.String)&amp#27;[0m
]]></system-out>
    <system-err><![CDATA[Mar 18, 2025 8:14:49 PM org.openqa.selenium.devtools.CdpVersionFinder findNearestMatch
WARNING: Unable to find CDP implementation matching 134
Mar 18, 2025 8:14:49 PM org.openqa.selenium.chromium.ChromiumDriver lambda$new$5
WARNING: Unable to find version of CDP to use for 134.0.6998.89. You may need to include a dependency on a specific version of the CDP using something similar to `org.seleniumhq.selenium:selenium-devtools-v86:4.19.0` where the version ("v86") matches the version of the chromium-based browser you're using and the version number of the artifact is the same as Selenium's.
]]></system-err>
  </testcase>
  <testcase name="Forgot Password link" classname="Login page feature" time="4.37">
    <system-out><![CDATA[
Scenario: Forgot Password link                       &amp#27;[90m# src/test/resources/features/Login.feature:27&amp#27;[0m
Browser Name Passed: chrome
Chrome Browser Launched....
  &amp#27;[32mGiven &amp#27;[0m&amp#27;[32muser is on login page&amp#27;[0m                        &amp#27;[90m# com.qa.opencart.stepdefinitions.LoginPageSteps.user_is_on_login_page()&amp#27;[0m
  &amp#27;[32mThen &amp#27;[0m&amp#27;[32mforgot your password link should be displayed&amp#27;[0m &amp#27;[90m# com.qa.opencart.stepdefinitions.LoginPageSteps.forgot_your_password_link_should_be_displayed()&amp#27;[0m
]]></system-out>
    <system-err><![CDATA[Mar 18, 2025 8:14:52 PM org.openqa.selenium.devtools.CdpVersionFinder findNearestMatch
WARNING: Unable to find CDP implementation matching 134
Mar 18, 2025 8:14:52 PM org.openqa.selenium.chromium.ChromiumDriver lambda$new$5
WARNING: Unable to find version of CDP to use for 134.0.6998.89. You may need to include a dependency on a specific version of the CDP using something similar to `org.seleniumhq.selenium:selenium-devtools-v86:4.19.0` where the version ("v86") matches the version of the chromium-based browser you're using and the version number of the artifact is the same as Selenium's.
]]></system-err>
  </testcase>
  <testcase name="Login with correct credentials" classname="Login page feature" time="3.883">
    <failure type="junit.framework.AssertionFailedError"><![CDATA[junit.framework.AssertionFailedError
	at junit.framework.Assert.fail(Assert.java:55)
	at junit.framework.Assert.assertTrue(Assert.java:22)
	at junit.framework.Assert.assertTrue(Assert.java:31)
	at com.qa.opencart.stepdefinitions.LoginPageSteps.page_title_should_be(LoginPageSteps.java:30)
	at ✽.page title should be "My Account"(file:///Users/shivan/eclipse-workspace/OpenCartSampleCucumberFrameworkJUnit/./src/test/resources/features/Login.feature:37)
]]></failure>
    <system-out><![CDATA[
Scenario: Login with correct credentials               &amp#27;[90m# src/test/resources/features/Login.feature:31&amp#27;[0m
Browser Name Passed: chrome
Chrome Browser Launched....
  &amp#27;[32mGiven &amp#27;[0m&amp#27;[32muser is on login page&amp#27;[0m                          &amp#27;[90m# com.qa.opencart.stepdefinitions.LoginPageSteps.user_is_on_login_page()&amp#27;[0m
  &amp#27;[32mWhen &amp#27;[0m&amp#27;[32muser enters username &amp#27;[0m&amp#27;[32m&amp#27;[1m"shivansharma07@gmail.com"&amp#27;[0m &amp#27;[90m# com.qa.opencart.stepdefinitions.LoginPageSteps.user_enters_username(java.lang.String)&amp#27;[0m
  &amp#27;[32mAnd &amp#27;[0m&amp#27;[32muser enters password &amp#27;[0m&amp#27;[32m&amp#27;[1m"Selenium@12345"&amp#27;[0m            &amp#27;[90m# com.qa.opencart.stepdefinitions.LoginPageSteps.user_enters_password(java.lang.String)&amp#27;[0m
  &amp#27;[32mAnd &amp#27;[0m&amp#27;[32muser clicks on Login button&amp#27;[0m                      &amp#27;[90m# com.qa.opencart.stepdefinitions.LoginPageSteps.user_clicks_on_login_button()&amp#27;[0m
Page title is: Account Login
  &amp#27;[32mThen &amp#27;[0m&amp#27;[32muser gets the title of the page&amp#27;[0m                 &amp#27;[90m# com.qa.opencart.stepdefinitions.LoginPageSteps.user_gets_the_title_of_the_page()&amp#27;[0m
  &amp#27;[31mAnd &amp#27;[0m&amp#27;[31mpage title should be &amp#27;[0m&amp#27;[31m&amp#27;[1m"My Account"&amp#27;[0m                &amp#27;[90m# com.qa.opencart.stepdefinitions.LoginPageSteps.page_title_should_be(java.lang.String)&amp#27;[0m
      &amp#27;[31mjunit.framework.AssertionFailedError
	at junit.framework.Assert.fail(Assert.java:55)
	at junit.framework.Assert.assertTrue(Assert.java:22)
	at junit.framework.Assert.assertTrue(Assert.java:31)
	at com.qa.opencart.stepdefinitions.LoginPageSteps.page_title_should_be(LoginPageSteps.java:30)
	at ✽.page title should be "My Account"(file:///Users/shivan/eclipse-workspace/OpenCartSampleCucumberFrameworkJUnit/./src/test/resources/features/Login.feature:37)
&amp#27;[0m

    Embedding Login_with_correct_credentials [image/png 260186 bytes]

]]></system-out>
    <system-err><![CDATA[Mar 18, 2025 8:14:56 PM org.openqa.selenium.devtools.CdpVersionFinder findNearestMatch
WARNING: Unable to find CDP implementation matching 134
Mar 18, 2025 8:14:56 PM org.openqa.selenium.chromium.ChromiumDriver lambda$new$5
WARNING: Unable to find version of CDP to use for 134.0.6998.89. You may need to include a dependency on a specific version of the CDP using something similar to `org.seleniumhq.selenium:selenium-devtools-v86:4.19.0` where the version ("v86") matches the version of the chromium-based browser you're using and the version number of the artifact is the same as Selenium's.
]]></system-err>
  </testcase>
</testsuite>